EDA Netlist Writer report for command_interface
Tue Mar 28 14:31:10 2017
Quartus II 64-Bit Version 13.0.1 Build 232 06/12/2013 Service Pack 1 SJ Web Edition


---------------------
; Table of Contents ;
---------------------
  1. Legal Notice
  2. EDA Netlist Writer Summary
  3. EDA Netlist Writer Messages



----------------
; Legal Notice ;
----------------
Copyright (C) 1991-2013 Altera Corporation
Your use of Altera Corporation's design tools, logic functions 
and other software and tools, and its AMPP partner logic 
functions, and any output files from any of the foregoing 
(including device programming or simulation files), and any 
associated documentation or information are expressly subject 
to the terms and conditions of the Altera Program License 
Subscription Agreement, Altera MegaCore Function License 
Agreement, or other applicable license agreement, including, 
without limitation, that your use is for the sole purpose of 
programming logic devices manufactured by Altera and sold by 
Altera or its authorized distributors.  Please refer to the 
applicable agreement for further details.



+-------------------------------------------------------------------+
; EDA Netlist Writer Summary                                        ;
+---------------------------+---------------------------------------+
; EDA Netlist Writer Status ; Successful - Tue Mar 28 14:31:10 2017 ;
; Revision Name             ; command_interface                     ;
; Top-level Entity Name     ; rs232                                 ;
; Family                    ; Cyclone II                            ;
+---------------------------+---------------------------------------+


+-----------------------------+
; EDA Netlist Writer Messages ;
+-----------------------------+
Info: *******************************************************************
Info: Running Quartus II 64-Bit EDA Netlist Writer
    Info: Version 13.0.1 Build 232 06/12/2013 Service Pack 1 SJ Web Edition
    Info: Processing started: Tue Mar 28 14:31:08 2017
Info: Command: quartus_eda --read_settings_files=on --write_settings_files=off command_interface -c command_interface --gen_testbench
Info (119006): Selected device EP2C35F672C6 for design "command_interface"
Info (201002): Generated VHDL Test Bench File E:/VHDL/Projekt/VHDLprojekt/simulation/modelsim/rs232.vht for simulation
Info: Quartus II 64-Bit EDA Netlist Writer was successful. 0 errors, 0 warnings
    Info: Peak virtual memory: 388 megabytes
    Info: Processing ended: Tue Mar 28 14:31:10 2017
    Info: Elapsed time: 00:00:02
    Info: Total CPU time (on all processors): 00:00:03


