Assembler report for command_interface
Mon Mar 27 10:28:11 2017
Quartus II 64-Bit Version 13.0.1 Build 232 06/12/2013 Service Pack 1 SJ Web Edition


---------------------
; Table of Contents ;
---------------------
  1. Legal Notice
  2. Assembler Summary
  3. Assembler Settings
  4. Assembler Generated Files
  5. Assembler Device Options: X:/Documents/VHDLprojekt/output_files/command_interface.sof
  6. Assembler Device Options: X:/Documents/VHDLprojekt/output_files/command_interface.pof
  7. Assembler Messages



----------------
; Legal Notice ;
----------------
Copyright (C) 1991-2013 Altera Corporation
Your use of Altera Corporation's design tools, logic functions 
and other software and tools, and its AMPP partner logic 
functions, and any output files from any of the foregoing 
(including device programming or simulation files), and any 
associated documentation or information are expressly subject 
to the terms and conditions of the Altera Program License 
Subscription Agreement, Altera MegaCore Function License 
Agreement, or other applicable license agreement, including, 
without limitation, that your use is for the sole purpose of 
programming logic devices manufactured by Altera and sold by 
Altera or its authorized distributors.  Please refer to the 
applicable agreement for further details.



+---------------------------------------------------------------+
; Assembler Summary                                             ;
+-----------------------+---------------------------------------+
; Assembler Status      ; Successful - Mon Mar 27 10:28:11 2017 ;
; Revision Name         ; command_interface                     ;
; Top-level Entity Name ; rs232                                 ;
; Family                ; Cyclone II                            ;
; Device                ; EP2C35F672C6                          ;
+-----------------------+---------------------------------------+


+--------------------------------------------------------------------------------------------------------+
; Assembler Settings                                                                                     ;
+-----------------------------------------------------------------------------+----------+---------------+
; Option                                                                      ; Setting  ; Default Value ;
+-----------------------------------------------------------------------------+----------+---------------+
; Configuration device                                                        ; Epcs16   ; Auto          ;
; Use smart compilation                                                       ; Off      ; Off           ;
; Enable parallel Assembler and TimeQuest Timing Analyzer during compilation  ; On       ; On            ;
; Enable compact report table                                                 ; Off      ; Off           ;
; Generate compressed bitstreams                                              ; On       ; On            ;
; Compression mode                                                            ; Off      ; Off           ;
; Clock source for configuration device                                       ; Internal ; Internal      ;
; Clock frequency of the configuration device                                 ; 10 MHZ   ; 10 MHz        ;
; Divide clock frequency by                                                   ; 1        ; 1             ;
; Auto user code                                                              ; On       ; On            ;
; Use configuration device                                                    ; On       ; On            ;
; Configuration device auto user code                                         ; Off      ; Off           ;
; Generate Tabular Text File (.ttf) For Target Device                         ; Off      ; Off           ;
; Generate Raw Binary File (.rbf) For Target Device                           ; Off      ; Off           ;
; Generate Hexadecimal (Intel-Format) Output File (.hexout) for Target Device ; Off      ; Off           ;
; Hexadecimal Output File start address                                       ; 0        ; 0             ;
; Hexadecimal Output File count direction                                     ; Up       ; Up            ;
; Release clears before tri-states                                            ; Off      ; Off           ;
; Auto-restart configuration after error                                      ; On       ; On            ;
; Maintain Compatibility with All Cyclone II M4K Versions                     ; On       ; On            ;
; Generate Serial Vector Format File (.svf) for Target Device                 ; Off      ; Off           ;
; Generate a JEDEC STAPL Format File (.jam) for Target Device                 ; Off      ; Off           ;
; Generate a compressed Jam STAPL Byte Code 2.0 File (.jbc) for Target Device ; Off      ; Off           ;
; Generate a compressed Jam STAPL Byte Code 2.0 File (.jbc) for Target Device ; On       ; On            ;
+-----------------------------------------------------------------------------+----------+---------------+


+-------------------------------------------------------------+
; Assembler Generated Files                                   ;
+-------------------------------------------------------------+
; File Name                                                   ;
+-------------------------------------------------------------+
; X:/Documents/VHDLprojekt/output_files/command_interface.sof ;
; X:/Documents/VHDLprojekt/output_files/command_interface.pof ;
+-------------------------------------------------------------+


+---------------------------------------------------------------------------------------+
; Assembler Device Options: X:/Documents/VHDLprojekt/output_files/command_interface.sof ;
+----------------+----------------------------------------------------------------------+
; Option         ; Setting                                                              ;
+----------------+----------------------------------------------------------------------+
; Device         ; EP2C35F672C6                                                         ;
; JTAG usercode  ; 0x002F80A5                                                           ;
; Checksum       ; 0x002F80A5                                                           ;
+----------------+----------------------------------------------------------------------+


+---------------------------------------------------------------------------------------+
; Assembler Device Options: X:/Documents/VHDLprojekt/output_files/command_interface.pof ;
+--------------------+------------------------------------------------------------------+
; Option             ; Setting                                                          ;
+--------------------+------------------------------------------------------------------+
; Device             ; EPCS16                                                           ;
; JTAG usercode      ; 0x00000000                                                       ;
; Checksum           ; 0x1C790567                                                       ;
; Compression Ratio  ; 3                                                                ;
+--------------------+------------------------------------------------------------------+


+--------------------+
; Assembler Messages ;
+--------------------+
Info: *******************************************************************
Info: Running Quartus II 64-Bit Assembler
    Info: Version 13.0.1 Build 232 06/12/2013 Service Pack 1 SJ Web Edition
    Info: Processing started: Mon Mar 27 10:28:08 2017
Info: Command: quartus_asm --read_settings_files=off --write_settings_files=off command_interface -c command_interface
Warning (292000): FLEXlm software error: Future license file format or misspelling in license file.  The file was issued for a later version of FLEXnet Licensing than this  program understands. Feature:       quartus License text:  ONE_TS_OK SIGN="10F6 6199 4B11 8355 E620 C542 655F D71A 6B5A 5BEE 04DD A7A0 0526 E56E BE33 1EC9 91C0 2975 1547 AD30 3A1A 7B2B B4E0 48EA D930 040B 5313 221A B131 8627" License path:  C:\Program Files\StruSoft\FEM-Design 15 Educational\license.lic FLEXnet Licensing error:-90,313 For further information, refer to the FLEXnet Licensing End User Guide, available at "www.macrovision.com".
Warning (292000): FLEXlm software error: Future license file format or misspelling in license file.  The file was issued for a later version of FLEXnet Licensing than this  program understands. Feature:       quartus_talkback License text:  ONE_TS_OK SIGN="10F6 6199 4B11 8355 E620 C542 655F D71A 6B5A 5BEE 04DD A7A0 0526 E56E BE33 1EC9 91C0 2975 1547 AD30 3A1A 7B2B B4E0 48EA D930 040B 5313 221A B131 8627" License path:  C:\Program Files\StruSoft\FEM-Design 15 Educational\license.lic FLEXnet Licensing error:-90,313 For further information, refer to the FLEXnet Licensing End User Guide, available at "www.macrovision.com".
Info (115031): Writing out detailed assembly data for power analysis
Info (115030): Assembler is generating device programming files
Info: Quartus II 64-Bit Assembler was successful. 0 errors, 16 warnings
    Info: Peak virtual memory: 423 megabytes
    Info: Processing ended: Mon Mar 27 10:28:11 2017
    Info: Elapsed time: 00:00:03
    Info: Total CPU time (on all processors): 00:00:02


